2025-06-08 15:29:09.446891 - User: thato - Path: /admin/logout/
2025-06-08 15:29:13.127734 - User: Anonymous - Path: /admin/
2025-06-08 15:29:13.141252 - User: Anonymous - Path: /admin/login/
2025-06-08 15:29:21.240451 - User: Anonymous - Path: /admin/login/
2025-06-08 15:29:21.903591 - User: thato - Path: /admin/
2025-06-08 15:30:52.547668 - User: thato - Path: /api/messages/
2025-06-08 15:31:15.391713 - User: Anonymous - Path: /api/messages/
2025-06-08 15:31:17.323616 - User: Anonymous - Path: /api/messages/
2025-06-08 15:31:18.017999 - User: Anonymous - Path: /api/messages/
2025-06-08 15:31:35.912985 - User: Anonymous - Path: /api/conversations/
2025-06-08 15:31:44.361486 - User: thato - Path: /
2025-06-08 15:31:54.011824 - User: thato - Path: /admin/
2025-06-08 15:32:01.249689 - User: Anonymous - Path: /api/conversations/
2025-06-08 15:32:02.664312 - User: Anonymous - Path: /api/conversations/
2025-06-08 15:32:04.123953 - User: Anonymous - Path: /api/conversations/
2025-06-08 15:32:15.133654 - User: thato - Path: /admin/logout/
2025-06-08 15:32:19.096262 - User: Anonymous - Path: /admin/
2025-06-08 15:32:19.112055 - User: Anonymous - Path: /admin/login/
2025-06-08 15:32:28.000627 - User: Anonymous - Path: /admin/login/
2025-06-08 15:32:28.696084 - User: thato - Path: /admin/
2025-06-08 15:32:33.988795 - User: Anonymous - Path: /api/conversations/
2025-06-08 15:32:44.340222 - User: Anonymous - Path: /api/messages/
2025-06-08 15:32:46.929431 - User: Anonymous - Path: /api/messages/
2025-06-08 15:32:47.590088 - User: Anonymous - Path: /api/messages/
2025-06-08 15:32:57.218125 - User: Anonymous - Path: /
2025-06-08 15:36:57.728388 - User: Anonymous - Path: /admin/logout/
2025-06-08 15:37:00.446892 - User: Anonymous - Path: /admin/
2025-06-08 15:37:00.466072 - User: Anonymous - Path: /admin/login/
2025-06-08 15:37:05.990825 - User: Anonymous - Path: /admin/login/
2025-06-08 15:37:06.995665 - User: Anonymous - Path: /admin/
2025-06-08 15:37:15.295176 - User: Anonymous - Path: /api/messages/
2025-06-08 15:41:51.680851 - User: Anonymous - Path: /admin/
2025-06-08 15:42:32.761282 - User: Anonymous - Path: /api/messages/
2025-06-08 15:42:56.942614 - User: Anonymous - Path: /api/messages/
