2025-06-08 15:46:51.100873 - User: Anonymous - Path: /api/conversations/
2025-06-08 15:57:14.394346 - User: Anonymous - Path: /api/token/
2025-06-08 15:57:32.265782 - User: Anonymous - Path: /api/messages/
2025-06-08 15:57:32.760466 - User: Anonymous - Path: /api/messages/
2025-06-08 15:57:43.780252 - User: Anonymous - Path: /api/conversations/
2025-06-08 16:11:17.436126 - User: Anonymous - Path: /api/messages/
2025-06-08 16:11:26.377242 - User: Anonymous - Path: /admin/
2025-06-08 16:11:27.099406 - User: Anonymous - Path: /admin/
2025-06-08 16:11:29.660531 - User: Anonymous - Path: /admin/
2025-06-08 16:22:56.811848 - User: Anonymous - Path: /admin/
2025-06-08 16:23:03.786314 - User: Anonymous - Path: /admin/
2025-06-08 16:23:49.685642 - User: Anonymous - Path: /admin/
2025-06-08 16:24:02.235415 - User: Anonymous - Path: /
2025-06-08 16:24:05.439741 - User: Anonymous - Path: /
2025-06-08 16:24:13.248567 - User: Anonymous - Path: /admin/
2025-06-08 16:24:13.865362 - User: Anonymous - Path: /admin/
2025-06-08 16:32:16.499976 - User: Anonymous - Path: /admin/
2025-06-08 16:32:21.687556 - User: Anonymous - Path: /admin/
2025-06-08 16:32:34.241736 - User: Anonymous - Path: /api/messages/
2025-06-08 16:32:37.645036 - User: Anonymous - Path: /api/messages/
